<?xml version="1.0" encoding="UTF-8"?>
<!-- Generated by org.testng.reporters.JUnitReportReporter -->
<testsuite hostname="LAPTOP-A7PLUC1H" failures="0" tests="3" name="testngstudy.Newclasstestng" time="0.011" errors="0" timestamp="2022-07-07T22:13:41 IST" skipped="0">
  <testcase classname="testngstudy.Newclasstestng" name="a" time="0.009"/>
  <system-out>
    <![CDATA[a is running]]>
  </system-out>
  <testcase classname="testngstudy.Newclasstestng" name="b" time="0.001"/>
  <system-out>
    <![CDATA[b is running]]>
  </system-out>
  <testcase classname="testngstudy.Newclasstestng" name="f" time="0.001"/>
  <system-out>
    <![CDATA[f is running]]>
  </system-out>
</testsuite> <!-- testngstudy.Newclasstestng -->
